Using pre-set license
Built from '2020.2/release' branch; Version is '2020.2.0f1 (3721df5a8b28) revision 3613151'; Using compiler version '192528614'; Build Type 'Release'
OS: 'Windows 10  (10.0.0) 64bit' Language: 'en' Physical Memory: 16335 MB
BatchMode: 1, IsHumanControllingUs: 0, StartBugReporterOnCrash: 0, Is64bit: 1, IsPro: 0

 COMMAND LINE ARGUMENTS:
D:\UnityVersions\2020.2.0f1\Editor\Unity.exe
-adb2
-batchMode
-noUpm
-name
AssetImportWorker0
-projectPath
C:/Users/stoff/Documents/Tattiesarchipelago/TattieIslandTake2
-logFile
Logs/AssetImportWorker0.log
-srvPort
63670
Successfully changed project path to: C:/Users/stoff/Documents/Tattiesarchipelago/TattieIslandTake2
C:/Users/stoff/Documents/Tattiesarchipelago/TattieIslandTake2
Using Asset Import Pipeline V2.
Refreshing native plugins compatible for Editor in 150.64 ms, found 0 plugins.
Preloading 0 native plugins for Editor in 0.00 ms.
Initialize engine version: 2020.2.0f1 (3721df5a8b28)
[Subsystems] Discovering subsystems at path D:/UnityVersions/2020.2.0f1/Editor/Data/Resources/UnitySubsystems
[Subsystems] Discovering subsystems at path C:/Users/stoff/Documents/Tattiesarchipelago/TattieIslandTake2/Assets
GfxDevice: creating device client; threaded=0
Direct3D:
    Version:  Direct3D 11.0 [level 11.1]
    Renderer: NVIDIA GeForce GTX 970 (ID=0x13c2)
    Vendor:   
    VRAM:     4043 MB
    Driver:   26.21.14.3200
Shader 'Universal Render Pipeline/Particles/Lit': fallback shader 'Universal Render Pipeline/Particles/SimpleLit' not found
Shader 'Mirza Beig/Standard/Terrain Rain': dependency 'BaseMapShader' shader 'ASESampleShaders/SimpleTerrainBase' not found
Shader 'Mirza Beig/Standard/Terrain Rain 2': dependency 'BaseMapShader' shader 'ASESampleShaders/SimpleTerrainBase' not found
Initialize mono
Mono path[0] = 'D:/UnityVersions/2020.2.0f1/Editor/Data/Managed'
Mono path[1] = 'D:/UnityVersions/2020.2.0f1/Editor/Data/MonoBleedingEdge/lib/mono/unityjit'
Mono config path = 'D:/UnityVersions/2020.2.0f1/Editor/Data/MonoBleedingEdge/etc'
Using monoOptions --debugger-agent=transport=dt_socket,embedding=1,server=y,suspend=n,address=127.0.0.1:56348
Begin MonoManager ReloadAssembly
Registering precompiled unity dll's ...
Register platform support module: D:/UnityVersions/2020.2.0f1/Editor/Data/PlaybackEngines/WindowsStandaloneSupport/UnityEditor.WindowsStandalone.Extensions.dll
Registered in 0.001803 seconds.
Native extension for WindowsStandalone target not found
Refreshing native plugins compatible for Editor in 157.68 ms, found 0 plugins.
Preloading 0 native plugins for Editor in 0.00 ms.
Invoked RoslynAnalysisRunner static constructor.
RoslynAnalysisRunner will not be running.
RoslynAnalysisRunner has terminated.
Mono: successfully reloaded assembly
- Completed reload, in  2.276 seconds
Platform modules already initialized, skipping
Registering precompiled user dll's ...
Registered in 0.006015 seconds.
Begin MonoManager ReloadAssembly
Native extension for WindowsStandalone target not found
Refreshing native plugins compatible for Editor in 147.65 ms, found 0 plugins.
Preloading 0 native plugins for Editor in 0.00 ms.
Invoked RoslynAnalysisRunner static constructor.
RoslynAnalysisRunner will not be running.
RoslynAnalysisRunner has terminated.
Mono: successfully reloaded assembly
- Completed reload, in  1.293 seconds
Platform modules already initialized, skipping
========================================================================
Worker process is ready to serve import requests
Shader 'Mirza Beig/Standard/Terrain Rain': dependency 'BaseMapShader' shader 'ASESampleShaders/SimpleTerrainBase' not found
Shader 'Universal Render Pipeline/Particles/Lit': fallback shader 'Universal Render Pipeline/Particles/SimpleLit' not found
Shader 'Mirza Beig/Standard/Terrain Rain 2': dependency 'BaseMapShader' shader 'ASESampleShaders/SimpleTerrainBase' not found
Launched and connected shader compiler UnityShaderCompiler.exe after 0.04 seconds
Refreshing native plugins compatible for Editor in 1.57 ms, found 0 plugins.
Preloading 0 native plugins for Editor in 0.00 ms.
Unloading 2996 Unused Serialized files (Serialized files now loaded: 0)
System memory in use before: 244.9 MB.
System memory in use after: 244.8 MB.

Unloading 16 unused Assets to reduce memory usage. Loaded Objects now: 3475.
Total: 3.008500 ms (FindLiveObjects: 0.352800 ms CreateObjectMapping: 0.257500 ms MarkObjects: 2.196300 ms  DeleteObjects: 0.200800 ms)

========================================================================
Received Import Request.
  path: Assets/Scripts/SpawnRocks.cs
  artifactKey: Guid(51c58a4bae4328842a744d615d1cb79a) Importer(815301076,1909f56bfc062723c751e8b465ee728b)
Start importing Assets/Scripts/SpawnRocks.cs using Guid(51c58a4bae4328842a744d615d1cb79a) Importer(815301076,1909f56bfc062723c751e8b465ee728b)  -> (artifact id: '9b45b2cb43cbbcf8d8dddac3b36e3fb8') in 0.057145 seconds
  Import took 0.065656 seconds .

========================================================================
Received Prepare
Registering precompiled user dll's ...
Registered in 0.005066 seconds.
Begin MonoManager ReloadAssembly
Native extension for WindowsStandalone target not found
Refreshing native plugins compatible for Editor in 1.39 ms, found 0 plugins.
Preloading 0 native plugins for Editor in 0.00 ms.
Invoked RoslynAnalysisRunner static constructor.
RoslynAnalysisRunner will not be running.
RoslynAnalysisRunner has terminated.
Mono: successfully reloaded assembly
- Completed reload, in  1.087 seconds
Platform modules already initialized, skipping
Shader 'Mirza Beig/Standard/Terrain Rain': dependency 'BaseMapShader' shader 'ASESampleShaders/SimpleTerrainBase' not found
Shader 'Universal Render Pipeline/Particles/Lit': fallback shader 'Universal Render Pipeline/Particles/SimpleLit' not found
Shader 'Mirza Beig/Standard/Terrain Rain 2': dependency 'BaseMapShader' shader 'ASESampleShaders/SimpleTerrainBase' not found
Refreshing native plugins compatible for Editor in 1.42 ms, found 0 plugins.
Preloading 0 native plugins for Editor in 0.00 ms.
Unloading 2822 Unused Serialized files (Serialized files now loaded: 0)
System memory in use before: 234.9 MB.
System memory in use after: 234.8 MB.

Unloading 11 unused Assets to reduce memory usage. Loaded Objects now: 3477.
Total: 3.209800 ms (FindLiveObjects: 0.439300 ms CreateObjectMapping: 0.313700 ms MarkObjects: 2.267700 ms  DeleteObjects: 0.187800 ms)

========================================================================
Received Prepare
Registering precompiled user dll's ...
Registered in 0.005184 seconds.
Begin MonoManager ReloadAssembly
Native extension for WindowsStandalone target not found
Refreshing native plugins compatible for Editor in 1.39 ms, found 0 plugins.
Preloading 0 native plugins for Editor in 0.00 ms.
Invoked RoslynAnalysisRunner static constructor.
RoslynAnalysisRunner will not be running.
RoslynAnalysisRunner has terminated.
Mono: successfully reloaded assembly
- Completed reload, in  1.058 seconds
Platform modules already initialized, skipping
Shader 'Mirza Beig/Standard/Terrain Rain': dependency 'BaseMapShader' shader 'ASESampleShaders/SimpleTerrainBase' not found
Shader 'Universal Render Pipeline/Particles/Lit': fallback shader 'Universal Render Pipeline/Particles/SimpleLit' not found
Shader 'Mirza Beig/Standard/Terrain Rain 2': dependency 'BaseMapShader' shader 'ASESampleShaders/SimpleTerrainBase' not found
Refreshing native plugins compatible for Editor in 1.41 ms, found 0 plugins.
Preloading 0 native plugins for Editor in 0.00 ms.
Unloading 2822 Unused Serialized files (Serialized files now loaded: 0)
System memory in use before: 234.9 MB.
System memory in use after: 234.8 MB.

Unloading 11 unused Assets to reduce memory usage. Loaded Objects now: 3479.
Total: 4.043300 ms (FindLiveObjects: 0.386700 ms CreateObjectMapping: 0.323500 ms MarkObjects: 2.997000 ms  DeleteObjects: 0.333800 ms)

========================================================================
Received Import Request.
  Time since last request: 105.995957 seconds.
  path: Assets/AssetPacks/Mirza Beig/Particle Systems/Ultimate VFX/Expansions/XP - STORM/Textures/Terrain Brown.psd
  artifactKey: Guid(30832f73b66f9a74a975d8967e90e474) Importer(815301076,1909f56bfc062723c751e8b465ee728b)
Start importing Assets/AssetPacks/Mirza Beig/Particle Systems/Ultimate VFX/Expansions/XP - STORM/Textures/Terrain Brown.psd using Guid(30832f73b66f9a74a975d8967e90e474) Importer(815301076,1909f56bfc062723c751e8b465ee728b)  -> (artifact id: 'c20eadae1ba260b97727582cca8c75e3') in 0.081605 seconds
  Import took 0.089938 seconds .

========================================================================
Received Import Request.
  Time since last request: 0.000319 seconds.
  path: Assets/AssetPacks/Fantastic Village Pack/2d/textures/T_ENV_farmfield_BC.png
  artifactKey: Guid(0b0bde3bb4a54904680720933ac4d242) Importer(815301076,1909f56bfc062723c751e8b465ee728b)
Start importing Assets/AssetPacks/Fantastic Village Pack/2d/textures/T_ENV_farmfield_BC.png using Guid(0b0bde3bb4a54904680720933ac4d242) Importer(815301076,1909f56bfc062723c751e8b465ee728b)  -> (artifact id: 'f70711d97a6ceb15831816afe0d73fc1') in 0.059865 seconds
  Import took 0.065804 seconds .

========================================================================
Received Import Request.
  Time since last request: 0.000289 seconds.
  path: Assets/AssetPacks/Top Down/Grounds/Ground6_B.tif
  artifactKey: Guid(2d1501bbdeb338549a2334a8edffa110) Importer(815301076,1909f56bfc062723c751e8b465ee728b)
Start importing Assets/AssetPacks/Top Down/Grounds/Ground6_B.tif using Guid(2d1501bbdeb338549a2334a8edffa110) Importer(815301076,1909f56bfc062723c751e8b465ee728b)  -> (artifact id: '7edae6e5590823cf4fe3c91d41be4858') in 0.018888 seconds
  Import took 0.025138 seconds .

========================================================================
Received Import Request.
  Time since last request: 0.000310 seconds.
  path: Assets/Terrain Textures/TT_Brown Mud.BMP
  artifactKey: Guid(6873e5be66ca4cb479326f827944ee04) Importer(815301076,1909f56bfc062723c751e8b465ee728b)
Start importing Assets/Terrain Textures/TT_Brown Mud.BMP using Guid(6873e5be66ca4cb479326f827944ee04) Importer(815301076,1909f56bfc062723c751e8b465ee728b)  -> (artifact id: '424c6265e427d132e96b58758f0d2865') in 0.014288 seconds
  Import took 0.020057 seconds .

========================================================================
Received Import Request.
  Time since last request: 0.000316 seconds.
  path: Assets/Terrain Textures/Simple Textures/YellowTexture.jpg
  artifactKey: Guid(c4ce899f8f5d5c948bbaf801c103fb97) Importer(815301076,1909f56bfc062723c751e8b465ee728b)
Start importing Assets/Terrain Textures/Simple Textures/YellowTexture.jpg using Guid(c4ce899f8f5d5c948bbaf801c103fb97) Importer(815301076,1909f56bfc062723c751e8b465ee728b)  -> (artifact id: '53c0fe20a715e60b0739c365ebf1d705') in 0.012574 seconds
  Import took 0.018492 seconds .

========================================================================
Received Import Request.
  Time since last request: 0.000316 seconds.
  path: Assets/AssetPacks/Top Down/Grounds/Ground1_B.tif
  artifactKey: Guid(163077073f067064dbfd5581f1c2b276) Importer(815301076,1909f56bfc062723c751e8b465ee728b)
Start importing Assets/AssetPacks/Top Down/Grounds/Ground1_B.tif using Guid(163077073f067064dbfd5581f1c2b276) Importer(815301076,1909f56bfc062723c751e8b465ee728b)  -> (artifact id: '01e9353060dbfcd36b21b73f3c8d51c8') in 0.010549 seconds
  Import took 0.015450 seconds .

========================================================================
Received Import Request.
  Time since last request: 0.000386 seconds.
  path: Assets/AssetPacks/Fantastic Village Pack/2d/textures/T_ENV_pavingstone_01_BC.png
  artifactKey: Guid(27ce7944af323094995a1f8c5d3da85c) Importer(815301076,1909f56bfc062723c751e8b465ee728b)
Start importing Assets/AssetPacks/Fantastic Village Pack/2d/textures/T_ENV_pavingstone_01_BC.png using Guid(27ce7944af323094995a1f8c5d3da85c) Importer(815301076,1909f56bfc062723c751e8b465ee728b)  -> (artifact id: 'c2325bc52a9af8a133499f2f1aefb787') in 0.012746 seconds
  Import took 0.018220 seconds .

========================================================================
Received Import Request.
  Time since last request: 0.000306 seconds.
  path: Assets/Terrain Textures/TT_Cracked Soil.png
  artifactKey: Guid(4696148fc4ae8554f9f9ed7218cb1e17) Importer(815301076,1909f56bfc062723c751e8b465ee728b)
Start importing Assets/Terrain Textures/TT_Cracked Soil.png using Guid(4696148fc4ae8554f9f9ed7218cb1e17) Importer(815301076,1909f56bfc062723c751e8b465ee728b)  -> (artifact id: '9fe327b24d614eefbbd2fcb523650015') in 0.013136 seconds
  Import took 0.020134 seconds .

========================================================================
Received Import Request.
  Time since last request: 0.000279 seconds.
  path: Assets/Terrain Textures/Simple Textures/DarkBlueTexture.jpg
  artifactKey: Guid(19e4f18d7670efd46a2cc6c538aa3fdb) Importer(815301076,1909f56bfc062723c751e8b465ee728b)
Start importing Assets/Terrain Textures/Simple Textures/DarkBlueTexture.jpg using Guid(19e4f18d7670efd46a2cc6c538aa3fdb) Importer(815301076,1909f56bfc062723c751e8b465ee728b)  -> (artifact id: 'b90b2566cd1ecea08448f4ba813cd29a') in 0.011050 seconds
  Import took 0.017434 seconds .

========================================================================
Received Import Request.
  Time since last request: 0.000259 seconds.
  path: Assets/AssetPacks/Mirza Beig/Particle Systems/Ultimate VFX/Expansions/XP - STORM/Textures/Terrain Green.psd
  artifactKey: Guid(8cf057356cb6aed4fa980c26b4fcfb9a) Importer(815301076,1909f56bfc062723c751e8b465ee728b)
Start importing Assets/AssetPacks/Mirza Beig/Particle Systems/Ultimate VFX/Expansions/XP - STORM/Textures/Terrain Green.psd using Guid(8cf057356cb6aed4fa980c26b4fcfb9a) Importer(815301076,1909f56bfc062723c751e8b465ee728b)  -> (artifact id: '2c28d34e0d258554cfee7516431c6179') in 0.011445 seconds
  Import took 0.017634 seconds .

========================================================================
Received Import Request.
  Time since last request: 0.000268 seconds.
  path: Assets/AssetPacks/Fantastic Village Pack/2d/textures/T_ENV_TERRAIN_grass_01_BC.png
  artifactKey: Guid(fba493e2efaa63846a1e63b7891d610b) Importer(815301076,1909f56bfc062723c751e8b465ee728b)
Start importing Assets/AssetPacks/Fantastic Village Pack/2d/textures/T_ENV_TERRAIN_grass_01_BC.png using Guid(fba493e2efaa63846a1e63b7891d610b) Importer(815301076,1909f56bfc062723c751e8b465ee728b)  -> (artifact id: '04af86b55a7d27ac9c6113b4bb3a545a') in 0.012587 seconds
  Import took 0.018323 seconds .

========================================================================
Received Import Request.
  Time since last request: 0.000280 seconds.
  path: Assets/Terrain Textures/TT_Green Grass.BMP
  artifactKey: Guid(97fbaf45bf3e43b45ba4cb8c6873bb51) Importer(815301076,1909f56bfc062723c751e8b465ee728b)
Start importing Assets/Terrain Textures/TT_Green Grass.BMP using Guid(97fbaf45bf3e43b45ba4cb8c6873bb51) Importer(815301076,1909f56bfc062723c751e8b465ee728b)  -> (artifact id: '53955e6ad66bd068bef58f5950e16a61') in 0.010666 seconds
  Import took 0.017554 seconds .

========================================================================
Received Import Request.
  Time since last request: 0.000284 seconds.
  path: Assets/AssetPacks/Top Down/Grounds/Gray.tif
  artifactKey: Guid(70e91fe3a96ab3d419234790ecd3b3f8) Importer(815301076,1909f56bfc062723c751e8b465ee728b)
Start importing Assets/AssetPacks/Top Down/Grounds/Gray.tif using Guid(70e91fe3a96ab3d419234790ecd3b3f8) Importer(815301076,1909f56bfc062723c751e8b465ee728b)  -> (artifact id: 'fcbded2d84cfcb31fa20d8a9bf493a58') in 0.010695 seconds
  Import took 0.016712 seconds .

========================================================================
Received Import Request.
  Time since last request: 0.000240 seconds.
  path: Assets/Terrain Textures/TT_Cliff.jpg
  artifactKey: Guid(80598239e7a383e4b8472b6305194c22) Importer(815301076,1909f56bfc062723c751e8b465ee728b)
Start importing Assets/Terrain Textures/TT_Cliff.jpg using Guid(80598239e7a383e4b8472b6305194c22) Importer(815301076,1909f56bfc062723c751e8b465ee728b)  -> (artifact id: 'a8baf31090ad1187b45ff384e5897c72') in 0.010973 seconds
  Import took 0.016826 seconds .

========================================================================
Received Import Request.
  Time since last request: 0.000312 seconds.
  path: Assets/Terrain Textures/TT_Light Green Grass.BMP
  artifactKey: Guid(8b6712a039f2cf24fb0cb22f5be29af8) Importer(815301076,1909f56bfc062723c751e8b465ee728b)
Start importing Assets/Terrain Textures/TT_Light Green Grass.BMP using Guid(8b6712a039f2cf24fb0cb22f5be29af8) Importer(815301076,1909f56bfc062723c751e8b465ee728b)  -> (artifact id: '6d1c04ce996804ae3c4d65b4a07b3105') in 0.011211 seconds
  Import took 0.017444 seconds .

========================================================================
Received Import Request.
  Time since last request: 0.000293 seconds.
  path: Assets/AssetPacks/Fantastic Village Pack/2d/textures/T_ENV_TERRAIN_gravel_BC.png
  artifactKey: Guid(a633aa5980b767548b1c29c62103cde4) Importer(815301076,1909f56bfc062723c751e8b465ee728b)
Start importing Assets/AssetPacks/Fantastic Village Pack/2d/textures/T_ENV_TERRAIN_gravel_BC.png using Guid(a633aa5980b767548b1c29c62103cde4) Importer(815301076,1909f56bfc062723c751e8b465ee728b)  -> (artifact id: 'd29525a210f96cbb5a0e181ddc33f81b') in 0.012103 seconds
  Import took 0.018565 seconds .

========================================================================
Received Import Request.
  Time since last request: 0.000265 seconds.
  path: Assets/Terrain Textures/TT_Cobblestone Floor Dark.png
  artifactKey: Guid(69ba02ae41d44554e970050ac01b97a8) Importer(815301076,1909f56bfc062723c751e8b465ee728b)
Start importing Assets/Terrain Textures/TT_Cobblestone Floor Dark.png using Guid(69ba02ae41d44554e970050ac01b97a8) Importer(815301076,1909f56bfc062723c751e8b465ee728b)  -> (artifact id: '57c623a3dc4ceba271c750a29c6b2787') in 0.011952 seconds
  Import took 0.018065 seconds .

========================================================================
Received Import Request.
  Time since last request: 0.000269 seconds.
  path: Assets/Terrain Textures/TT_Brown Dirt.BMP
  artifactKey: Guid(3c31f7cb4de039848a73c7f61c59707f) Importer(815301076,1909f56bfc062723c751e8b465ee728b)
Start importing Assets/Terrain Textures/TT_Brown Dirt.BMP using Guid(3c31f7cb4de039848a73c7f61c59707f) Importer(815301076,1909f56bfc062723c751e8b465ee728b)  -> (artifact id: '6fbd434cfe5fbf8b3562adecec178224') in 0.010971 seconds
  Import took 0.017406 seconds .

========================================================================
Received Import Request.
  Time since last request: 0.000259 seconds.
  path: Assets/AssetPacks/Top Down/Grounds/ground3.tif
  artifactKey: Guid(2a2c38022de47254d95b69af1ef9c6f2) Importer(815301076,1909f56bfc062723c751e8b465ee728b)
Start importing Assets/AssetPacks/Top Down/Grounds/ground3.tif using Guid(2a2c38022de47254d95b69af1ef9c6f2) Importer(815301076,1909f56bfc062723c751e8b465ee728b)  -> (artifact id: 'ea86323ca13ca1fd4979dd93303aa013') in 0.011359 seconds
  Import took 0.017910 seconds .

========================================================================
Received Import Request.
  Time since last request: 0.000514 seconds.
  path: Assets/AssetPacks/Top Down/Grounds/Ground5.tif
  artifactKey: Guid(5d740f60cf83ddb40b41fdea5c98d7ec) Importer(815301076,1909f56bfc062723c751e8b465ee728b)
Start importing Assets/AssetPacks/Top Down/Grounds/Ground5.tif using Guid(5d740f60cf83ddb40b41fdea5c98d7ec) Importer(815301076,1909f56bfc062723c751e8b465ee728b)  -> (artifact id: '57956957f60cab154ae7b24fdaad55fa') in 0.011941 seconds
  Import took 0.018675 seconds .

========================================================================
Received Import Request.
  Time since last request: 0.000265 seconds.
  path: Assets/Terrain Textures/Simple Textures/RedTexture.jpg
  artifactKey: Guid(89026795836f44b4dadab22a9a702c56) Importer(815301076,1909f56bfc062723c751e8b465ee728b)
Start importing Assets/Terrain Textures/Simple Textures/RedTexture.jpg using Guid(89026795836f44b4dadab22a9a702c56) Importer(815301076,1909f56bfc062723c751e8b465ee728b)  -> (artifact id: '51f1b6dfeb3d71934547bbd54ebe9e0c') in 0.011113 seconds
  Import took 0.017304 seconds .

========================================================================
Received Import Request.
  Time since last request: 4.106484 seconds.
  path: Assets/AssetPacks/Top Down/Grounds/Layers/layer_Ground6_BGround6_B_nmp793646612c42751.terrainlayer
  artifactKey: Guid(14d25775a82c80149a526fd67eed257c) Importer(815301076,1909f56bfc062723c751e8b465ee728b)
Start importing Assets/AssetPacks/Top Down/Grounds/Layers/layer_Ground6_BGround6_B_nmp793646612c42751.terrainlayer using Guid(14d25775a82c80149a526fd67eed257c) Importer(815301076,1909f56bfc062723c751e8b465ee728b)  -> (artifact id: '91b185e955552d8b3ef232a6c8e4f55e') in 0.053628 seconds
  Import took 0.059407 seconds .

========================================================================
Received Import Request.
  Time since last request: 21.839399 seconds.
  path: Assets/_TerrainAutoUpgrade/layer_Terrain BrownTerrain Normal3d3aba195e4d26ee.terrainlayer
  artifactKey: Guid(123f6edb7fad6f84ea7fd8424050b19d) Importer(815301076,1909f56bfc062723c751e8b465ee728b)
Start importing Assets/_TerrainAutoUpgrade/layer_Terrain BrownTerrain Normal3d3aba195e4d26ee.terrainlayer using Guid(123f6edb7fad6f84ea7fd8424050b19d) Importer(815301076,1909f56bfc062723c751e8b465ee728b)  -> (artifact id: '0c9e7f68af012bbcd63c66b8e5821214') in 0.013199 seconds
  Import took 0.019090 seconds .

========================================================================
Received Import Request.
  Time since last request: 11.821958 seconds.
  path: Assets/AssetPacks/Fantastic Village Pack/2d/textures/terrain_layers/Layer_gravel.terrainlayer
  artifactKey: Guid(540f3c883cfdd534ea86a033ef0a41d5) Importer(815301076,1909f56bfc062723c751e8b465ee728b)
Start importing Assets/AssetPacks/Fantastic Village Pack/2d/textures/terrain_layers/Layer_gravel.terrainlayer using Guid(540f3c883cfdd534ea86a033ef0a41d5) Importer(815301076,1909f56bfc062723c751e8b465ee728b)  -> (artifact id: 'de35b04a393ec6b4c366f493fdb3af38') in 0.032150 seconds
  Import took 0.038732 seconds .

========================================================================
Received Import Request.
  Time since last request: 6.685049 seconds.
  path: Assets/Terrain Textures/NewLayer.terrainlayer
  artifactKey: Guid(f954c14173ca42f4e9b6970f7d7a1d56) Importer(815301076,1909f56bfc062723c751e8b465ee728b)
Start importing Assets/Terrain Textures/NewLayer.terrainlayer using Guid(f954c14173ca42f4e9b6970f7d7a1d56) Importer(815301076,1909f56bfc062723c751e8b465ee728b)  -> (artifact id: 'fa3a85213666333ef6e7bf7305681bfa') in 0.012167 seconds
  Import took 0.017954 seconds .

========================================================================
Received Import Request.
  Time since last request: 25.378111 seconds.
  path: Assets/Terrain Textures/NewLayer 6.terrainlayer
  artifactKey: Guid(d1c8656385114e24fa1426244cf7e720) Importer(815301076,1909f56bfc062723c751e8b465ee728b)
Start importing Assets/Terrain Textures/NewLayer 6.terrainlayer using Guid(d1c8656385114e24fa1426244cf7e720) Importer(815301076,1909f56bfc062723c751e8b465ee728b)  -> (artifact id: '26e98e6e33a1770fe8f09d4e1cf681cd') in 0.012504 seconds
  Import took 0.018395 seconds .

========================================================================
Received Import Request.
  Time since last request: 10.659447 seconds.
  path: Assets/AssetPacks/Fantastic Village Pack/2d/textures/terrain_layers/Layer_grass_01.terrainlayer
  artifactKey: Guid(1a80a17506b849a419d27e4950b2d726) Importer(815301076,1909f56bfc062723c751e8b465ee728b)
Start importing Assets/AssetPacks/Fantastic Village Pack/2d/textures/terrain_layers/Layer_grass_01.terrainlayer using Guid(1a80a17506b849a419d27e4950b2d726) Importer(815301076,1909f56bfc062723c751e8b465ee728b)  -> (artifact id: 'a953a2323574c202ebc52d4b800e0ffe') in 0.016576 seconds
  Import took 0.023020 seconds .

========================================================================
Received Import Request.
  Time since last request: 260.860948 seconds.
  path: Assets/Terrain Textures/NewLayer 3.terrainlayer
  artifactKey: Guid(97d9ad2b3c67393428af9e8875bcbd7a) Importer(815301076,1909f56bfc062723c751e8b465ee728b)
Start importing Assets/Terrain Textures/NewLayer 3.terrainlayer using Guid(97d9ad2b3c67393428af9e8875bcbd7a) Importer(815301076,1909f56bfc062723c751e8b465ee728b)  -> (artifact id: 'fe05046fa14bb206fcb4a151cee87ced') in 0.015393 seconds
  Import took 0.024254 seconds .

========================================================================
Received Prepare
Registering precompiled user dll's ...
Registered in 0.007627 seconds.
Begin MonoManager ReloadAssembly
Native extension for WindowsStandalone target not found
Refreshing native plugins compatible for Editor in 2.51 ms, found 0 plugins.
Preloading 0 native plugins for Editor in 0.00 ms.
Invoked RoslynAnalysisRunner static constructor.
RoslynAnalysisRunner will not be running.
RoslynAnalysisRunner has terminated.
Mono: successfully reloaded assembly
- Completed reload, in  1.231 seconds
Platform modules already initialized, skipping
Shader 'Mirza Beig/Standard/Terrain Rain': dependency 'BaseMapShader' shader 'ASESampleShaders/SimpleTerrainBase' not found
Shader 'Universal Render Pipeline/Particles/Lit': fallback shader 'Universal Render Pipeline/Particles/SimpleLit' not found
Shader 'Mirza Beig/Standard/Terrain Rain 2': dependency 'BaseMapShader' shader 'ASESampleShaders/SimpleTerrainBase' not found
Refreshing native plugins compatible for Editor in 1.72 ms, found 0 plugins.
Preloading 0 native plugins for Editor in 0.00 ms.
Unloading 2822 Unused Serialized files (Serialized files now loaded: 0)
System memory in use before: 237.9 MB.
System memory in use after: 237.8 MB.

Unloading 11 unused Assets to reduce memory usage. Loaded Objects now: 3486.
Total: 4.014700 ms (FindLiveObjects: 0.817400 ms CreateObjectMapping: 0.438800 ms MarkObjects: 2.562200 ms  DeleteObjects: 0.194400 ms)

========================================================================
Received Prepare
Registering precompiled user dll's ...
Registered in 0.004932 seconds.
Begin MonoManager ReloadAssembly
Native extension for WindowsStandalone target not found
Refreshing native plugins compatible for Editor in 1.38 ms, found 0 plugins.
Preloading 0 native plugins for Editor in 0.00 ms.
Invoked RoslynAnalysisRunner static constructor.
RoslynAnalysisRunner will not be running.
RoslynAnalysisRunner has terminated.
Mono: successfully reloaded assembly
- Completed reload, in  1.019 seconds
Platform modules already initialized, skipping
Shader 'Mirza Beig/Standard/Terrain Rain': dependency 'BaseMapShader' shader 'ASESampleShaders/SimpleTerrainBase' not found
Shader 'Universal Render Pipeline/Particles/Lit': fallback shader 'Universal Render Pipeline/Particles/SimpleLit' not found
Shader 'Mirza Beig/Standard/Terrain Rain 2': dependency 'BaseMapShader' shader 'ASESampleShaders/SimpleTerrainBase' not found
Refreshing native plugins compatible for Editor in 2.19 ms, found 0 plugins.
Preloading 0 native plugins for Editor in 0.00 ms.
Unloading 2822 Unused Serialized files (Serialized files now loaded: 0)
System memory in use before: 237.9 MB.
System memory in use after: 237.8 MB.

Unloading 11 unused Assets to reduce memory usage. Loaded Objects now: 3488.
Total: 4.549500 ms (FindLiveObjects: 0.555000 ms CreateObjectMapping: 0.208000 ms MarkObjects: 3.468700 ms  DeleteObjects: 0.316000 ms)

========================================================================
Received Prepare
Registering precompiled user dll's ...
Registered in 0.005746 seconds.
Begin MonoManager ReloadAssembly
Native extension for WindowsStandalone target not found
Refreshing native plugins compatible for Editor in 1.43 ms, found 0 plugins.
Preloading 0 native plugins for Editor in 0.00 ms.
Invoked RoslynAnalysisRunner static constructor.
RoslynAnalysisRunner will not be running.
RoslynAnalysisRunner has terminated.
Mono: successfully reloaded assembly
- Completed reload, in  1.103 seconds
Platform modules already initialized, skipping
Shader 'Mirza Beig/Standard/Terrain Rain': dependency 'BaseMapShader' shader 'ASESampleShaders/SimpleTerrainBase' not found
Shader 'Universal Render Pipeline/Particles/Lit': fallback shader 'Universal Render Pipeline/Particles/SimpleLit' not found
Shader 'Mirza Beig/Standard/Terrain Rain 2': dependency 'BaseMapShader' shader 'ASESampleShaders/SimpleTerrainBase' not found
Refreshing native plugins compatible for Editor in 1.43 ms, found 0 plugins.
Preloading 0 native plugins for Editor in 0.00 ms.
Unloading 2822 Unused Serialized files (Serialized files now loaded: 0)
System memory in use before: 237.9 MB.
System memory in use after: 237.8 MB.

Unloading 11 unused Assets to reduce memory usage. Loaded Objects now: 3490.
Total: 3.656400 ms (FindLiveObjects: 0.417700 ms CreateObjectMapping: 0.153800 ms MarkObjects: 2.888200 ms  DeleteObjects: 0.195100 ms)

========================================================================
Received Import Request.
  Time since last request: 870.122304 seconds.
  path: Assets/ScriptableObjects/MineStone.asset
  artifactKey: Guid(fd1f09a16cf41e94e9f969849f367d67) Importer(815301076,1909f56bfc062723c751e8b465ee728b)
Start importing Assets/ScriptableObjects/MineStone.asset using Guid(fd1f09a16cf41e94e9f969849f367d67) Importer(815301076,1909f56bfc062723c751e8b465ee728b)  -> (artifact id: '26248a3f1d4651bbcf572b699c08a92b') in 0.581707 seconds
  Import took 0.593023 seconds .

========================================================================
Received Import Request.
  Time since last request: 2.859336 seconds.
  path: Assets/ScriptableObjects/MineStone.asset
  artifactKey: Guid(fd1f09a16cf41e94e9f969849f367d67) Importer(815301076,1909f56bfc062723c751e8b465ee728b)
Start importing Assets/ScriptableObjects/MineStone.asset using Guid(fd1f09a16cf41e94e9f969849f367d67) Importer(815301076,1909f56bfc062723c751e8b465ee728b)  -> (artifact id: '2ec27addc9cbaf674840094c6dc1f01c') in 0.482646 seconds
  Import took 0.495725 seconds .

========================================================================
Received Prepare
Registering precompiled user dll's ...
Registered in 0.005063 seconds.
Begin MonoManager ReloadAssembly
Native extension for WindowsStandalone target not found
Refreshing native plugins compatible for Editor in 1.37 ms, found 0 plugins.
Preloading 0 native plugins for Editor in 0.00 ms.
Invoked RoslynAnalysisRunner static constructor.
RoslynAnalysisRunner will not be running.
RoslynAnalysisRunner has terminated.
Mono: successfully reloaded assembly
- Completed reload, in  1.219 seconds
Platform modules already initialized, skipping
Shader 'Mirza Beig/Standard/Terrain Rain': dependency 'BaseMapShader' shader 'ASESampleShaders/SimpleTerrainBase' not found
Shader 'Universal Render Pipeline/Particles/Lit': fallback shader 'Universal Render Pipeline/Particles/SimpleLit' not found
Shader 'Mirza Beig/Standard/Terrain Rain 2': dependency 'BaseMapShader' shader 'ASESampleShaders/SimpleTerrainBase' not found
Refreshing native plugins compatible for Editor in 1.97 ms, found 0 plugins.
Preloading 0 native plugins for Editor in 0.00 ms.
Unloading 2822 Unused Serialized files (Serialized files now loaded: 0)
System memory in use before: 238.1 MB.
System memory in use after: 238.0 MB.

Unloading 13 unused Assets to reduce memory usage. Loaded Objects now: 3496.
Total: 3.506900 ms (FindLiveObjects: 0.328400 ms CreateObjectMapping: 0.241100 ms MarkObjects: 2.633700 ms  DeleteObjects: 0.302400 ms)

========================================================================
Received Prepare
Registering precompiled user dll's ...
Registered in 0.006037 seconds.
Begin MonoManager ReloadAssembly
Native extension for WindowsStandalone target not found
Refreshing native plugins compatible for Editor in 1.89 ms, found 0 plugins.
Preloading 0 native plugins for Editor in 0.00 ms.
Invoked RoslynAnalysisRunner static constructor.
RoslynAnalysisRunner will not be running.
RoslynAnalysisRunner has terminated.
Mono: successfully reloaded assembly
- Completed reload, in  1.144 seconds
Platform modules already initialized, skipping
Shader 'Mirza Beig/Standard/Terrain Rain': dependency 'BaseMapShader' shader 'ASESampleShaders/SimpleTerrainBase' not found
Shader 'Universal Render Pipeline/Particles/Lit': fallback shader 'Universal Render Pipeline/Particles/SimpleLit' not found
Shader 'Mirza Beig/Standard/Terrain Rain 2': dependency 'BaseMapShader' shader 'ASESampleShaders/SimpleTerrainBase' not found
Refreshing native plugins compatible for Editor in 1.75 ms, found 0 plugins.
Preloading 0 native plugins for Editor in 0.00 ms.
Unloading 2822 Unused Serialized files (Serialized files now loaded: 0)
System memory in use before: 238.1 MB.
System memory in use after: 238.0 MB.

Unloading 11 unused Assets to reduce memory usage. Loaded Objects now: 3498.
Total: 5.137600 ms (FindLiveObjects: 0.655100 ms CreateObjectMapping: 0.409500 ms MarkObjects: 3.787500 ms  DeleteObjects: 0.283400 ms)

========================================================================
Received Prepare
Registering precompiled user dll's ...
Registered in 0.005245 seconds.
Begin MonoManager ReloadAssembly
Native extension for WindowsStandalone target not found
Refreshing native plugins compatible for Editor in 1.58 ms, found 0 plugins.
Preloading 0 native plugins for Editor in 0.00 ms.
Invoked RoslynAnalysisRunner static constructor.
RoslynAnalysisRunner will not be running.
RoslynAnalysisRunner has terminated.
Mono: successfully reloaded assembly
- Completed reload, in  1.069 seconds
Platform modules already initialized, skipping
Shader 'Mirza Beig/Standard/Terrain Rain': dependency 'BaseMapShader' shader 'ASESampleShaders/SimpleTerrainBase' not found
Shader 'Universal Render Pipeline/Particles/Lit': fallback shader 'Universal Render Pipeline/Particles/SimpleLit' not found
Shader 'Mirza Beig/Standard/Terrain Rain 2': dependency 'BaseMapShader' shader 'ASESampleShaders/SimpleTerrainBase' not found
Refreshing native plugins compatible for Editor in 1.40 ms, found 0 plugins.
Preloading 0 native plugins for Editor in 0.00 ms.
Unloading 2822 Unused Serialized files (Serialized files now loaded: 0)
System memory in use before: 238.1 MB.
System memory in use after: 238.0 MB.

Unloading 11 unused Assets to reduce memory usage. Loaded Objects now: 3500.
Total: 2.379500 ms (FindLiveObjects: 0.312900 ms CreateObjectMapping: 0.118900 ms MarkObjects: 1.764700 ms  DeleteObjects: 0.182300 ms)

========================================================================
Received Prepare
Registering precompiled user dll's ...
Registered in 0.005118 seconds.
Begin MonoManager ReloadAssembly
Native extension for WindowsStandalone target not found
Refreshing native plugins compatible for Editor in 1.43 ms, found 0 plugins.
Preloading 0 native plugins for Editor in 0.00 ms.
Invoked RoslynAnalysisRunner static constructor.
RoslynAnalysisRunner will not be running.
RoslynAnalysisRunner has terminated.
Mono: successfully reloaded assembly
- Completed reload, in  1.109 seconds
Platform modules already initialized, skipping
Shader 'Mirza Beig/Standard/Terrain Rain': dependency 'BaseMapShader' shader 'ASESampleShaders/SimpleTerrainBase' not found
Shader 'Universal Render Pipeline/Particles/Lit': fallback shader 'Universal Render Pipeline/Particles/SimpleLit' not found
Shader 'Mirza Beig/Standard/Terrain Rain 2': dependency 'BaseMapShader' shader 'ASESampleShaders/SimpleTerrainBase' not found
Refreshing native plugins compatible for Editor in 1.59 ms, found 0 plugins.
Preloading 0 native plugins for Editor in 0.00 ms.
Unloading 2822 Unused Serialized files (Serialized files now loaded: 0)
System memory in use before: 238.1 MB.
System memory in use after: 238.0 MB.

Unloading 11 unused Assets to reduce memory usage. Loaded Objects now: 3502.
Total: 3.582600 ms (FindLiveObjects: 0.430200 ms CreateObjectMapping: 0.138600 ms MarkObjects: 2.754600 ms  DeleteObjects: 0.257800 ms)

========================================================================
Received Import Request.
  Time since last request: 7762.475860 seconds.
  path: Assets/AssetPacks/beffio/UI - BUILDER/Source Files/Photography ┬⌐ beffio Tom Lassota/Poznan Poland Fog View - ┬⌐ beffio Tom Lassota.jpg
  artifactKey: Guid(7fc19a2462b379349a91d6a9b4b58543) Importer(815301076,1909f56bfc062723c751e8b465ee728b)
Start importing Assets/AssetPacks/beffio/UI - BUILDER/Source Files/Photography ┬⌐ beffio Tom Lassota/Poznan Poland Fog View - ┬⌐ beffio Tom Lassota.jpg using Guid(7fc19a2462b379349a91d6a9b4b58543) Importer(815301076,1909f56bfc062723c751e8b465ee728b)  -> (artifact id: '1a7121aa96c8902be2b83f070053cd0a') in 0.175381 seconds
  Import took 0.184350 seconds .

========================================================================
Received Import Request.
  Time since last request: 0.505248 seconds.
  path: Assets/AssetPacks/beffio/UI - BUILDER/Source Files/Photography ┬⌐ beffio Tom Lassota/Vancouver BC House - ┬⌐ beffio Tom Lassota.jpg
  artifactKey: Guid(38e14546bbd0d8b44a7b209e178ed2d3) Importer(815301076,1909f56bfc062723c751e8b465ee728b)
Start importing Assets/AssetPacks/beffio/UI - BUILDER/Source Files/Photography ┬⌐ beffio Tom Lassota/Vancouver BC House - ┬⌐ beffio Tom Lassota.jpg using Guid(38e14546bbd0d8b44a7b209e178ed2d3) Importer(815301076,1909f56bfc062723c751e8b465ee728b)  -> (artifact id: 'c902b740c944d7ae0fcda14ad956353b') in 0.039810 seconds
  Import took 0.048348 seconds .

AssetImportWorkerClient::OnTransportError - code=2 error=End of file
